Using pre-set license
Built from '2021.1/staging' branch; Version is '2021.1.9f1 (7a790e367ab3) revision 8026382'; Using compiler version '192528614'; Build Type 'Release'
OS: 'Windows 10 Enterprise; OS build 19043.1348; Version 2009; 64bit' Language: 'en' Physical Memory: 16253 MB
BatchMode: 1, IsHumanControllingUs: 0, StartBugReporterOnCrash: 0, Is64bit: 1, IsPro: 0

 COMMAND LINE ARGUMENTS:
C:\Program Files\Unity 2021.1.9f1\Editor\Unity.exe
-adb2
-batchMode
-noUpm
-name
AssetImportWorker0
-projectPath
C:/Users/1883120/Jupron Game Repo/Jupron-Game-Repo/Jupron Game
-logFile
Logs/AssetImportWorker0.log
-srvPort
56261
Successfully changed project path to: C:/Users/1883120/Jupron Game Repo/Jupron-Game-Repo/Jupron Game
C:/Users/1883120/Jupron Game Repo/Jupron-Game-Repo/Jupron Game
Using Asset Import Pipeline V2.
Refreshing native plugins compatible for Editor in 99.60 ms, found 3 plugins.
Preloading 0 native plugins for Editor in 0.00 ms.
Initialize engine version: 2021.1.9f1 (7a790e367ab3)
[Subsystems] Discovering subsystems at path C:/Program Files/Unity 2021.1.9f1/Editor/Data/Resources/UnitySubsystems
[Subsystems] Discovering subsystems at path C:/Users/1883120/Jupron Game Repo/Jupron-Game-Repo/Jupron Game/Assets
GfxDevice: creating device client; threaded=0; jobified=0
Direct3D:
    Version:  Direct3D 11.0 [level 11.1]
    Renderer: Intel(R) Iris(R) Pro Graphics P580 (ID=0x193a)
    Vendor:   Intel
    VRAM:     8126 MB
    Driver:   27.20.100.8681
Initialize mono
Mono path[0] = 'C:/Program Files/Unity 2021.1.9f1/Editor/Data/Managed'
Mono path[1] = 'C:/Program Files/Unity 2021.1.9f1/Editor/Data/MonoBleedingEdge/lib/mono/unityjit'
Mono config path = 'C:/Program Files/Unity 2021.1.9f1/Editor/Data/MonoBleedingEdge/etc'
Using monoOptions --debugger-agent=transport=dt_socket,embedding=1,server=y,suspend=n,address=127.0.0.1:56552
Begin MonoManager ReloadAssembly
Registering precompiled unity dll's ...
Register platform support module: C:/Program Files/Unity 2021.1.9f1/Editor/Data/PlaybackEngines/WindowsStandaloneSupport/UnityEditor.WindowsStandalone.Extensions.dll
Registered in 0.002508 seconds.
Native extension for WindowsStandalone target not found
Refreshing native plugins compatible for Editor in 95.68 ms, found 3 plugins.
Preloading 0 native plugins for Editor in 0.00 ms.
Mono: successfully reloaded assembly
- Completed reload, in  1.290 seconds
Domain Reload Profiling:
	ReloadAssembly (1290ms)
		BeginReloadAssembly (67ms)
			ExecutionOrderSort (0ms)
			DisableScriptedObjects (0ms)
			BackupInstance (0ms)
			ReleaseScriptingObjects (0ms)
			CreateAndSetChildDomain (1ms)
		EndReloadAssembly (532ms)
			LoadAssemblies (64ms)
			RebuildTransferFunctionScriptingTraits (0ms)
			SetupTypeCache (199ms)
			ReleaseScriptCaches (0ms)
			RebuildScriptCaches (33ms)
			SetupLoadedEditorAssemblies (248ms)
				LogAssemblyErrors (0ms)
				InitializePlatformSupportModulesInManaged (6ms)
				SetLoadedEditorAssemblies (0ms)
				RefreshPlugins (96ms)
				BeforeProcessingInitializeOnLoad (1ms)
				ProcessInitializeOnLoadAttributes (110ms)
				ProcessInitializeOnLoadMethodAttributes (33ms)
				AfterProcessingInitializeOnLoad (0ms)
				EditorAssembliesLoaded (0ms)
			ExecutionOrderSort2 (0ms)
			AwakeInstancesAfterBackupRestoration (0ms)
Platform modules already initialized, skipping
Registering precompiled user dll's ...
Registered in 0.013171 seconds.
Begin MonoManager ReloadAssembly
Symbol file LoadedFromMemory doesn't match image C:\Users\1883120\Jupron Game Repo\Jupron-Game-Repo\Jupron Game\Library\PackageCache\com.unity.visualscripting@1.6.1\Editor\VisualScripting.Core\Dependencies\YamlDotNet\Unity.VisualScripting.YamlDotNet.dll
Symbol file LoadedFromMemory doesn't match image C:\Users\1883120\Jupron Game Repo\Jupron-Game-Repo\Jupron Game\Library\PackageCache\com.unity.visualscripting@1.6.1\Editor\VisualScripting.Core\Dependencies\DotNetZip\Unity.VisualScripting.IonicZip.dll
Native extension for WindowsStandalone target not found
Refreshing native plugins compatible for Editor in 0.64 ms, found 3 plugins.
Preloading 0 native plugins for Editor in 0.00 ms.
Mono: successfully reloaded assembly
- Completed reload, in  1.314 seconds
Domain Reload Profiling:
	ReloadAssembly (1315ms)
		BeginReloadAssembly (172ms)
			ExecutionOrderSort (0ms)
			DisableScriptedObjects (5ms)
			BackupInstance (0ms)
			ReleaseScriptingObjects (0ms)
			CreateAndSetChildDomain (22ms)
		EndReloadAssembly (1073ms)
			LoadAssemblies (111ms)
			RebuildTransferFunctionScriptingTraits (0ms)
			SetupTypeCache (396ms)
			ReleaseScriptCaches (1ms)
			RebuildScriptCaches (58ms)
			SetupLoadedEditorAssemblies (403ms)
				LogAssemblyErrors (0ms)
				InitializePlatformSupportModulesInManaged (6ms)
				SetLoadedEditorAssemblies (1ms)
				RefreshPlugins (1ms)
				BeforeProcessingInitializeOnLoad (85ms)
				ProcessInitializeOnLoadAttributes (299ms)
				ProcessInitializeOnLoadMethodAttributes (5ms)
				AfterProcessingInitializeOnLoad (7ms)
				EditorAssembliesLoaded (0ms)
			ExecutionOrderSort2 (0ms)
			AwakeInstancesAfterBackupRestoration (8ms)
Platform modules already initialized, skipping
========================================================================
Worker process is ready to serve import requests
Launched and connected shader compiler UnityShaderCompiler.exe after 0.06 seconds
Refreshing native plugins compatible for Editor in 0.64 ms, found 3 plugins.
Preloading 0 native plugins for Editor in 0.00 ms.
Unloading 3093 Unused Serialized files (Serialized files now loaded: 0)
System memory in use before: 110.8 MB.
System memory in use after: 111.0 MB.

Unloading 24 unused Assets to reduce memory usage. Loaded Objects now: 3538.
Total: 2.318700 ms (FindLiveObjects: 0.238900 ms CreateObjectMapping: 0.146400 ms MarkObjects: 1.858200 ms  DeleteObjects: 0.074200 ms)

AssetImportParameters requested are different than current active one (requested -> active):
  custom:framework-win-MediaFoundation: 216162199b28c13a410421893ffa2e32 -> 
  custom:video-decoder-ogg-theora: a1e56fd34408186e4bbccfd4996cb3dc -> 
  custom:container-muxer-webm: aa71ff27fc2769a1b78a27578f13a17b -> 
  custom:container-demuxer-webm: 4f35f7cbe854078d1ac9338744f61a02 -> 
  custom:container-demuxer-ogg: 62fdf1f143b41e24485cea50d1cbac27 -> 
  custom:video-encoder-webm-vp8: eb34c28f22e8b96e1ab97ce403110664 -> 
  custom:video-decoder-webm-vp8: 9c59270c3fd7afecdb556c50c9e8de78 -> 
  custom:audio-decoder-ogg-vorbis: bf7c407c2cedff20999df2af8eb42d56 -> 
  custom:audio-encoder-webm-vorbis: bf7c407c2cedff20999df2af8eb42d56 -> 
========================================================================
Received Import Request.
  path: Assets/Part of spaceship 1 .fbx
  artifactKey: Guid(2a1098858b0a086449e4f4ba151ddf5f) Importer(815301076,1909f56bfc062723c751e8b465ee728b)
Start importing Assets/Part of spaceship 1 .fbx using Guid(2a1098858b0a086449e4f4ba151ddf5f) Importer(815301076,1909f56bfc062723c751e8b465ee728b)  -> (artifact id: 'c4639d41bb229fe2fac878677c84f028') in 0.234797 seconds 
========================================================================
Received Import Request.
  Time since last request: 0.000185 seconds.
  path: Assets/part of the spaceship 2.fbx
  artifactKey: Guid(72c9b4134dc92e74691924983538538c) Importer(815301076,1909f56bfc062723c751e8b465ee728b)
Start importing Assets/part of the spaceship 2.fbx using Guid(72c9b4134dc92e74691924983538538c) Importer(815301076,1909f56bfc062723c751e8b465ee728b)  -> (artifact id: '77e14521c6b0483186c6eeba52940fb2') in 0.031847 seconds 
========================================================================
Received Import Request.
  Time since last request: 0.000207 seconds.
  path: Assets/Spaceship.fbx
  artifactKey: Guid(98449bbfadcaec24894991f817dd8af5) Importer(815301076,1909f56bfc062723c751e8b465ee728b)
Start importing Assets/Spaceship.fbx using Guid(98449bbfadcaec24894991f817dd8af5) Importer(815301076,1909f56bfc062723c751e8b465ee728b)  -> (artifact id: 'b1a5bbab7473c22739fcaddfae7dfa7f') in 0.046930 seconds 
========================================================================
Received Prepare
Registering precompiled user dll's ...
Registered in 0.012235 seconds.
Begin MonoManager ReloadAssembly
Symbol file LoadedFromMemory doesn't match image C:\Users\1883120\Jupron Game Repo\Jupron-Game-Repo\Jupron Game\Library\PackageCache\com.unity.visualscripting@1.6.1\Editor\VisualScripting.Core\Dependencies\YamlDotNet\Unity.VisualScripting.YamlDotNet.dll
Symbol file LoadedFromMemory doesn't match image C:\Users\1883120\Jupron Game Repo\Jupron-Game-Repo\Jupron Game\Library\PackageCache\com.unity.visualscripting@1.6.1\Editor\VisualScripting.Core\Dependencies\DotNetZip\Unity.VisualScripting.IonicZip.dll
Native extension for WindowsStandalone target not found
Refreshing native plugins compatible for Editor in 0.67 ms, found 3 plugins.
Preloading 0 native plugins for Editor in 0.00 ms.
Mono: successfully reloaded assembly
- Completed reload, in  1.169 seconds
Domain Reload Profiling:
	ReloadAssembly (1169ms)
		BeginReloadAssembly (133ms)
			ExecutionOrderSort (0ms)
			DisableScriptedObjects (5ms)
			BackupInstance (0ms)
			ReleaseScriptingObjects (0ms)
			CreateAndSetChildDomain (41ms)
		EndReloadAssembly (965ms)
			LoadAssemblies (108ms)
			RebuildTransferFunctionScriptingTraits (0ms)
			SetupTypeCache (378ms)
			ReleaseScriptCaches (1ms)
			RebuildScriptCaches (45ms)
			SetupLoadedEditorAssemblies (323ms)
				LogAssemblyErrors (0ms)
				InitializePlatformSupportModulesInManaged (5ms)
				SetLoadedEditorAssemblies (0ms)
				RefreshPlugins (1ms)
				BeforeProcessingInitializeOnLoad (63ms)
				ProcessInitializeOnLoadAttributes (242ms)
				ProcessInitializeOnLoadMethodAttributes (5ms)
				AfterProcessingInitializeOnLoad (7ms)
				EditorAssembliesLoaded (0ms)
			ExecutionOrderSort2 (0ms)
			AwakeInstancesAfterBackupRestoration (7ms)
Platform modules already initialized, skipping
Refreshing native plugins compatible for Editor in 0.64 ms, found 3 plugins.
Preloading 0 native plugins for Editor in 0.00 ms.
Unloading 3086 Unused Serialized files (Serialized files now loaded: 0)
System memory in use before: 114.5 MB.
System memory in use after: 114.7 MB.

Unloading 20 unused Assets to reduce memory usage. Loaded Objects now: 3551.
Total: 2.775400 ms (FindLiveObjects: 0.275700 ms CreateObjectMapping: 0.220700 ms MarkObjects: 2.219000 ms  DeleteObjects: 0.058700 ms)

AssetImportParameters requested are different than current active one (requested -> active):
  custom:framework-win-MediaFoundation: 216162199b28c13a410421893ffa2e32 -> 
  custom:video-decoder-ogg-theora: a1e56fd34408186e4bbccfd4996cb3dc -> 
  custom:container-muxer-webm: aa71ff27fc2769a1b78a27578f13a17b -> 
  custom:container-demuxer-webm: 4f35f7cbe854078d1ac9338744f61a02 -> 
  custom:container-demuxer-ogg: 62fdf1f143b41e24485cea50d1cbac27 -> 
  custom:video-encoder-webm-vp8: eb34c28f22e8b96e1ab97ce403110664 -> 
  custom:video-decoder-webm-vp8: 9c59270c3fd7afecdb556c50c9e8de78 -> 
  custom:audio-decoder-ogg-vorbis: bf7c407c2cedff20999df2af8eb42d56 -> 
  custom:audio-encoder-webm-vorbis: bf7c407c2cedff20999df2af8eb42d56 -> 
========================================================================
Received Prepare
Registering precompiled user dll's ...
Registered in 0.013020 seconds.
Begin MonoManager ReloadAssembly
Symbol file LoadedFromMemory doesn't match image C:\Users\1883120\Jupron Game Repo\Jupron-Game-Repo\Jupron Game\Library\PackageCache\com.unity.visualscripting@1.6.1\Editor\VisualScripting.Core\Dependencies\YamlDotNet\Unity.VisualScripting.YamlDotNet.dll
Symbol file LoadedFromMemory doesn't match image C:\Users\1883120\Jupron Game Repo\Jupron-Game-Repo\Jupron Game\Library\PackageCache\com.unity.visualscripting@1.6.1\Editor\VisualScripting.Core\Dependencies\DotNetZip\Unity.VisualScripting.IonicZip.dll
Native extension for WindowsStandalone target not found
Refreshing native plugins compatible for Editor in 0.66 ms, found 3 plugins.
Preloading 0 native plugins for Editor in 0.00 ms.
Mono: successfully reloaded assembly
- Completed reload, in  1.167 seconds
Domain Reload Profiling:
	ReloadAssembly (1167ms)
		BeginReloadAssembly (132ms)
			ExecutionOrderSort (0ms)
			DisableScriptedObjects (5ms)
			BackupInstance (0ms)
			ReleaseScriptingObjects (0ms)
			CreateAndSetChildDomain (41ms)
		EndReloadAssembly (967ms)
			LoadAssemblies (107ms)
			RebuildTransferFunctionScriptingTraits (0ms)
			SetupTypeCache (371ms)
			ReleaseScriptCaches (1ms)
			RebuildScriptCaches (47ms)
			SetupLoadedEditorAssemblies (329ms)
				LogAssemblyErrors (0ms)
				InitializePlatformSupportModulesInManaged (6ms)
				SetLoadedEditorAssemblies (1ms)
				RefreshPlugins (1ms)
				BeforeProcessingInitializeOnLoad (66ms)
				ProcessInitializeOnLoadAttributes (242ms)
				ProcessInitializeOnLoadMethodAttributes (5ms)
				AfterProcessingInitializeOnLoad (7ms)
				EditorAssembliesLoaded (0ms)
			ExecutionOrderSort2 (0ms)
			AwakeInstancesAfterBackupRestoration (8ms)
Platform modules already initialized, skipping
Refreshing native plugins compatible for Editor in 0.63 ms, found 3 plugins.
Preloading 0 native plugins for Editor in 0.00 ms.
Unloading 3086 Unused Serialized files (Serialized files now loaded: 0)
System memory in use before: 114.5 MB.
System memory in use after: 114.7 MB.

Unloading 19 unused Assets to reduce memory usage. Loaded Objects now: 3554.
Total: 2.339400 ms (FindLiveObjects: 0.235200 ms CreateObjectMapping: 0.149000 ms MarkObjects: 1.904900 ms  DeleteObjects: 0.049000 ms)

AssetImportParameters requested are different than current active one (requested -> active):
  custom:framework-win-MediaFoundation: 216162199b28c13a410421893ffa2e32 -> 
  custom:video-decoder-ogg-theora: a1e56fd34408186e4bbccfd4996cb3dc -> 
  custom:container-muxer-webm: aa71ff27fc2769a1b78a27578f13a17b -> 
  custom:container-demuxer-webm: 4f35f7cbe854078d1ac9338744f61a02 -> 
  custom:container-demuxer-ogg: 62fdf1f143b41e24485cea50d1cbac27 -> 
  custom:video-encoder-webm-vp8: eb34c28f22e8b96e1ab97ce403110664 -> 
  custom:video-decoder-webm-vp8: 9c59270c3fd7afecdb556c50c9e8de78 -> 
  custom:audio-decoder-ogg-vorbis: bf7c407c2cedff20999df2af8eb42d56 -> 
  custom:audio-encoder-webm-vorbis: bf7c407c2cedff20999df2af8eb42d56 -> 
========================================================================
Received Prepare
Registering precompiled user dll's ...
Registered in 0.015595 seconds.
Begin MonoManager ReloadAssembly
Symbol file LoadedFromMemory doesn't match image C:\Users\1883120\Jupron Game Repo\Jupron-Game-Repo\Jupron Game\Library\PackageCache\com.unity.visualscripting@1.6.1\Editor\VisualScripting.Core\Dependencies\YamlDotNet\Unity.VisualScripting.YamlDotNet.dll
Symbol file LoadedFromMemory doesn't match image C:\Users\1883120\Jupron Game Repo\Jupron-Game-Repo\Jupron Game\Library\PackageCache\com.unity.visualscripting@1.6.1\Editor\VisualScripting.Core\Dependencies\DotNetZip\Unity.VisualScripting.IonicZip.dll
Native extension for WindowsStandalone target not found
Refreshing native plugins compatible for Editor in 0.67 ms, found 3 plugins.
Preloading 0 native plugins for Editor in 0.00 ms.
Mono: successfully reloaded assembly
- Completed reload, in  1.695 seconds
Domain Reload Profiling:
	ReloadAssembly (1696ms)
		BeginReloadAssembly (172ms)
			ExecutionOrderSort (0ms)
			DisableScriptedObjects (7ms)
			BackupInstance (0ms)
			ReleaseScriptingObjects (0ms)
			CreateAndSetChildDomain (58ms)
		EndReloadAssembly (1445ms)
			LoadAssemblies (130ms)
			RebuildTransferFunctionScriptingTraits (0ms)
			SetupTypeCache (534ms)
			ReleaseScriptCaches (1ms)
			RebuildScriptCaches (55ms)
			SetupLoadedEditorAssemblies (514ms)
				LogAssemblyErrors (0ms)
				InitializePlatformSupportModulesInManaged (8ms)
				SetLoadedEditorAssemblies (1ms)
				RefreshPlugins (1ms)
				BeforeProcessingInitializeOnLoad (104ms)
				ProcessInitializeOnLoadAttributes (386ms)
				ProcessInitializeOnLoadMethodAttributes (6ms)
				AfterProcessingInitializeOnLoad (8ms)
				EditorAssembliesLoaded (0ms)
			ExecutionOrderSort2 (0ms)
			AwakeInstancesAfterBackupRestoration (14ms)
Platform modules already initialized, skipping
Refreshing native plugins compatible for Editor in 0.70 ms, found 3 plugins.
Preloading 0 native plugins for Editor in 0.00 ms.
Unloading 3086 Unused Serialized files (Serialized files now loaded: 0)
System memory in use before: 114.5 MB.
System memory in use after: 114.8 MB.

Unloading 19 unused Assets to reduce memory usage. Loaded Objects now: 3557.
Total: 2.703500 ms (FindLiveObjects: 0.260900 ms CreateObjectMapping: 0.212800 ms MarkObjects: 2.171600 ms  DeleteObjects: 0.056400 ms)

AssetImportParameters requested are different than current active one (requested -> active):
  custom:framework-win-MediaFoundation: 216162199b28c13a410421893ffa2e32 -> 
  custom:video-decoder-ogg-theora: a1e56fd34408186e4bbccfd4996cb3dc -> 
  custom:container-muxer-webm: aa71ff27fc2769a1b78a27578f13a17b -> 
  custom:container-demuxer-webm: 4f35f7cbe854078d1ac9338744f61a02 -> 
  custom:container-demuxer-ogg: 62fdf1f143b41e24485cea50d1cbac27 -> 
  custom:video-encoder-webm-vp8: eb34c28f22e8b96e1ab97ce403110664 -> 
  custom:video-decoder-webm-vp8: 9c59270c3fd7afecdb556c50c9e8de78 -> 
  custom:audio-decoder-ogg-vorbis: bf7c407c2cedff20999df2af8eb42d56 -> 
  custom:audio-encoder-webm-vorbis: bf7c407c2cedff20999df2af8eb42d56 -> 
========================================================================
Received Import Request.
  Time since last request: 2526.363114 seconds.
  path: Assets/SciFi Gun
  artifactKey: Guid(0bfac6036557b5f4181b159c66f1a05c) Importer(815301076,1909f56bfc062723c751e8b465ee728b)
Start importing Assets/SciFi Gun using Guid(0bfac6036557b5f4181b159c66f1a05c) Importer(815301076,1909f56bfc062723c751e8b465ee728b)  -> (artifact id: '63338c3b1e9bd5c3ebc18ded9ff1f042') in 0.018355 seconds 
========================================================================
Received Import Request.
  Time since last request: 0.295060 seconds.
  path: Assets/SciFi Gun/SciFiGun_Diffuse.prefab
  artifactKey: Guid(30d819e0f44869f4e82f18d655b5c786) Importer(815301076,1909f56bfc062723c751e8b465ee728b)
Start importing Assets/SciFi Gun/SciFiGun_Diffuse.prefab using Guid(30d819e0f44869f4e82f18d655b5c786) Importer(815301076,1909f56bfc062723c751e8b465ee728b)  -> (artifact id: '68f7f2d8f55f6200a7da5a33e494d9d0') in 0.501563 seconds 
========================================================================
Received Import Request.
  Time since last request: 0.000207 seconds.
  path: Assets/SciFi Gun/SciFiGun_Specular.prefab
  artifactKey: Guid(38075ff1c3cff91428ade499a59bdc97) Importer(815301076,1909f56bfc062723c751e8b465ee728b)
Start importing Assets/SciFi Gun/SciFiGun_Specular.prefab using Guid(38075ff1c3cff91428ade499a59bdc97) Importer(815301076,1909f56bfc062723c751e8b465ee728b)  -> (artifact id: 'bd216d15432b082139e561f65c83b7a0') in 0.220883 seconds 
========================================================================
Received Import Request.
  Time since last request: 3.361661 seconds.
  path: Assets/SciFi Gun/Components
  artifactKey: Guid(687c3719af319444f9f640d4e910f2ad) Importer(815301076,1909f56bfc062723c751e8b465ee728b)
Start importing Assets/SciFi Gun/Components using Guid(687c3719af319444f9f640d4e910f2ad) Importer(815301076,1909f56bfc062723c751e8b465ee728b)  -> (artifact id: 'd5968bb4c1811d5505799697189b2325') in 0.009949 seconds 
========================================================================
Received Import Request.
  Time since last request: 0.069360 seconds.
  path: Assets/SciFi Gun/Components/SciFiGun.fbx
  artifactKey: Guid(dbeb07ce6436fdc4988bcc03b8afc948) Importer(815301076,1909f56bfc062723c751e8b465ee728b)
Start importing Assets/SciFi Gun/Components/SciFiGun.fbx using Guid(dbeb07ce6436fdc4988bcc03b8afc948) Importer(815301076,1909f56bfc062723c751e8b465ee728b)  -> (artifact id: '15be04add4c34127e44c5dc0e0b8604f') in 0.082104 seconds 
========================================================================
Received Import Request.
  Time since last request: 0.000165 seconds.
  path: Assets/SciFi Gun/Components/SciFiGun_coloring.jpg
  artifactKey: Guid(d4c4f12509f94a040907435db7e56cc3) Importer(815301076,1909f56bfc062723c751e8b465ee728b)
Start importing Assets/SciFi Gun/Components/SciFiGun_coloring.jpg using Guid(d4c4f12509f94a040907435db7e56cc3) Importer(815301076,1909f56bfc062723c751e8b465ee728b)  -> (artifact id: '510a975387048851fb54c21c33f320d8') in 0.044691 seconds 
========================================================================
Received Import Request.
  Time since last request: 0.000158 seconds.
  path: Assets/SciFi Gun/Components/SciFiGun_normals.jpg
  artifactKey: Guid(8a43a0961e778604d8a24ba8ae354a6b) Importer(815301076,1909f56bfc062723c751e8b465ee728b)
Start importing Assets/SciFi Gun/Components/SciFiGun_normals.jpg using Guid(8a43a0961e778604d8a24ba8ae354a6b) Importer(815301076,1909f56bfc062723c751e8b465ee728b)  -> (artifact id: 'aa8f97675016f408a10a43613850dcd2') in 0.034757 seconds 
========================================================================
Received Import Request.
  Time since last request: 0.000150 seconds.
  path: Assets/SciFi Gun/Components/SciFiGun_Diffuse.mat
  artifactKey: Guid(58d3215dbddde9b4ea1d242fbb11ce9c) Importer(815301076,1909f56bfc062723c751e8b465ee728b)
Start importing Assets/SciFi Gun/Components/SciFiGun_Diffuse.mat using Guid(58d3215dbddde9b4ea1d242fbb11ce9c) Importer(815301076,1909f56bfc062723c751e8b465ee728b)  -> (artifact id: 'f348822e372f5d95ec31a0a9bb95f28e') in 0.038022 seconds 
========================================================================
Received Import Request.
  Time since last request: 0.000198 seconds.
  path: Assets/SciFi Gun/Components/SciFiGun_Specular.mat
  artifactKey: Guid(68db4c702af00b642aac3db9d705fdf6) Importer(815301076,1909f56bfc062723c751e8b465ee728b)
Start importing Assets/SciFi Gun/Components/SciFiGun_Specular.mat using Guid(68db4c702af00b642aac3db9d705fdf6) Importer(815301076,1909f56bfc062723c751e8b465ee728b)  -> (artifact id: '358d3940e7648eb18b7238d977ea2897') in 0.017658 seconds 
AssetImportWorkerClient::OnTransportError - code=2 error=End of file
